<?xml version="1.0" encoding="UTF-8"?>
<testsuite xmlns:xsi="http://www.w3.org/2001/XMLSchema-instance" xsi:noNamespaceSchemaLocation="https://maven.apache.org/surefire/maven-surefire-plugin/xsd/surefire-test-report-3.0.xsd" version="3.0" name="TestSuite" time="6.879" tests="6" errors="0" skipped="0" failures="0">
  <properties>
[...]
</properties>
  <testcase name="parametrizedUrlTest" classname="web.SimpleTest" time="0.963"/>
  <testcase name="parametrizedUrlTest" classname="web.SimpleTest" time="0.067"/>
  <testcase name="parametrizedUrlTest" classname="web.SimpleTest" time="1.386"/>
  <testcase name="parametrizedUrlTest" classname="web.SimpleTest" time="0.208"/>
  <testcase name="simpleTest" classname="web.SimpleTest" time="0.295"/>
  <testcase name="simpleTest" classname="web.SimpleTest" time="0.453"/>
</testsuite>